2001.02.16 11:17 B D:\ColumbiaK_WFolder\RES\t5.txt --> castor.cs.pdx.edu /u/rantzau/RES t5.txt
2001.02.16 11:17 B D:\ColumbiaK_WFolder\RES\t4.txt --> castor.cs.pdx.edu /u/rantzau/RES t4.txt
2001.02.16 11:17 B D:\ColumbiaK_WFolder\RES\t3.txt --> castor.cs.pdx.edu /u/rantzau/RES t3.txt
2001.02.16 11:17 B D:\ColumbiaK_WFolder\RES\problem --> castor.cs.pdx.edu /u/rantzau/RES problem
2001.02.16 11:17 B D:\ColumbiaK_WFolder\RES\star1 --> castor.cs.pdx.edu /u/rantzau/RES star1
2001.02.16 11:17 B D:\ColumbiaK_WFolder\RES\star2 --> castor.cs.pdx.edu /u/rantzau/RES star2
2001.02.16 11:17 B D:\ColumbiaK_WFolder\RES\star3 --> castor.cs.pdx.edu /u/rantzau/RES star3
2001.02.16 11:17 B D:\ColumbiaK_WFolder\RES\star4 --> castor.cs.pdx.edu /u/rantzau/RES star4
2001.02.16 11:17 B D:\ColumbiaK_WFolder\RES\chain4 --> castor.cs.pdx.edu /u/rantzau/RES chain4
2001.02.16 11:17 B D:\ColumbiaK_WFolder\RES\chain3 --> castor.cs.pdx.edu /u/rantzau/RES chain3
2001.02.16 11:17 B D:\ColumbiaK_WFolder\RES\chain2 --> castor.cs.pdx.edu /u/rantzau/RES chain2
2001.02.16 11:17 B D:\ColumbiaK_WFolder\RES\chain1 --> castor.cs.pdx.edu /u/rantzau/RES chain1
2001.02.16 11:17 B D:\ColumbiaK_WFolder\RES\log_prop --> castor.cs.pdx.edu /u/rantzau/RES log_prop
2001.02.16 11:17 B D:\ColumbiaK_WFolder\RES\Psupp.txt --> castor.cs.pdx.edu /u/rantzau/RES Psupp.txt
2001.02.16 11:17 B D:\ColumbiaK_WFolder\RES\Pitem.txt --> castor.cs.pdx.edu /u/rantzau/RES Pitem.txt
2001.02.16 11:17 B D:\ColumbiaK_WFolder\RES\Pphysop.txt --> castor.cs.pdx.edu /u/rantzau/RES Pphysop.txt
2001.02.16 11:17 B D:\ColumbiaK_WFolder\RES\Plogop.txt --> castor.cs.pdx.edu /u/rantzau/RES Plogop.txt
2001.02.16 11:17 B D:\ColumbiaK_WFolder\RES\Pssp.txt --> castor.cs.pdx.edu /u/rantzau/RES Pssp.txt
2001.02.16 11:17 B D:\ColumbiaK_WFolder\RES\Pgroup.txt --> castor.cs.pdx.edu /u/rantzau/RES Pgroup.txt
2001.02.16 11:17 B D:\ColumbiaK_WFolder\RES\Ptasks.txt --> castor.cs.pdx.edu /u/rantzau/RES Ptasks.txt
2001.02.16 11:17 B D:\ColumbiaK_WFolder\RES\WCOL.RC2 --> castor.cs.pdx.edu /u/rantzau/RES WCOL.RC2
2001.02.16 11:17 B D:\ColumbiaK_WFolder\RES\WCOLDOC.ICO --> castor.cs.pdx.edu /u/rantzau/RES WCOLDOC.ICO
2001.02.16 11:17 B D:\ColumbiaK_WFolder\RES\WCOL.ICO --> castor.cs.pdx.edu /u/rantzau/RES WCOL.ICO
