2000.10.19 11:26 B D:\ColumbiaK_WFolder\QUERIES\Paul\cyc3_8_uniform.txt <-- kavitah /disk/hopper/projects/disc/benning/Columbia/Len/CATALOGS/PLB/CycPlus3 cyc3_8_uniform.txt
2001.02.16 11:16 B D:\ColumbiaK_WFolder\QUERIES\Paul\Paul chain2.txt --> castor.cs.pdx.edu /u/rantzau/QUERIES/Paul Paul chain2.txt
2001.02.16 11:16 B D:\ColumbiaK_WFolder\QUERIES\Paul\Paul chain.txt --> castor.cs.pdx.edu /u/rantzau/QUERIES/Paul Paul chain.txt
2001.02.16 11:16 B D:\ColumbiaK_WFolder\QUERIES\Paul\pb1.txt --> castor.cs.pdx.edu /u/rantzau/QUERIES/Paul pb1.txt
2001.02.16 11:16 B D:\ColumbiaK_WFolder\QUERIES\Paul\WS_FTP.LOG --> castor.cs.pdx.edu /u/rantzau/QUERIES/Paul WS_FTP.LOG
2001.02.16 11:16 B D:\ColumbiaK_WFolder\QUERIES\Paul\cyc3_8_uniform.txt --> castor.cs.pdx.edu /u/rantzau/QUERIES/Paul cyc3_8_uniform.txt
2001.02.16 11:16 B D:\ColumbiaK_WFolder\QUERIES\Paul\Paul's new query.txt --> castor.cs.pdx.edu /u/rantzau/QUERIES/Paul Paul's new query.txt
2001.02.16 11:16 B D:\ColumbiaK_WFolder\QUERIES\Paul\pb1234.txt --> castor.cs.pdx.edu /u/rantzau/QUERIES/Paul pb1234.txt
2001.02.16 11:16 B D:\ColumbiaK_WFolder\QUERIES\Paul\pb3 4.txt --> castor.cs.pdx.edu /u/rantzau/QUERIES/Paul pb3 4.txt
2001.02.16 11:16 B D:\ColumbiaK_WFolder\QUERIES\Paul\pb3half4.txt --> castor.cs.pdx.edu /u/rantzau/QUERIES/Paul pb3half4.txt
2001.02.16 11:16 B D:\ColumbiaK_WFolder\QUERIES\Paul\pb1 2.txt --> castor.cs.pdx.edu /u/rantzau/QUERIES/Paul pb1 2.txt
2001.02.16 11:16 B D:\ColumbiaK_WFolder\QUERIES\Paul\pb16.txt --> castor.cs.pdx.edu /u/rantzau/QUERIES/Paul pb16.txt
2001.02.16 11:16 B D:\ColumbiaK_WFolder\QUERIES\Paul\pb16A.txt --> castor.cs.pdx.edu /u/rantzau/QUERIES/Paul pb16A.txt
2001.02.16 11:16 B D:\ColumbiaK_WFolder\QUERIES\Paul\pb17.txt --> castor.cs.pdx.edu /u/rantzau/QUERIES/Paul pb17.txt
2001.02.16 11:16 B D:\ColumbiaK_WFolder\QUERIES\Paul\pb22.txt --> castor.cs.pdx.edu /u/rantzau/QUERIES/Paul pb22.txt
2001.02.16 11:16 B D:\ColumbiaK_WFolder\QUERIES\Paul\pb21.txt --> castor.cs.pdx.edu /u/rantzau/QUERIES/Paul pb21.txt
2001.02.16 11:16 B D:\ColumbiaK_WFolder\QUERIES\Paul\pb20.txt --> castor.cs.pdx.edu /u/rantzau/QUERIES/Paul pb20.txt
2001.02.16 11:16 B D:\ColumbiaK_WFolder\QUERIES\Paul\pb19.txt --> castor.cs.pdx.edu /u/rantzau/QUERIES/Paul pb19.txt
2001.02.16 11:16 B D:\ColumbiaK_WFolder\QUERIES\Paul\pb18.txt --> castor.cs.pdx.edu /u/rantzau/QUERIES/Paul pb18.txt
2001.02.16 11:16 B D:\ColumbiaK_WFolder\QUERIES\Paul\pb26.txt --> castor.cs.pdx.edu /u/rantzau/QUERIES/Paul pb26.txt
2001.02.16 11:16 B D:\ColumbiaK_WFolder\QUERIES\Paul\pb25.txt --> castor.cs.pdx.edu /u/rantzau/QUERIES/Paul pb25.txt
2001.02.16 11:16 B D:\ColumbiaK_WFolder\QUERIES\Paul\pb24.txt --> castor.cs.pdx.edu /u/rantzau/QUERIES/Paul pb24.txt
2001.02.16 11:16 B D:\ColumbiaK_WFolder\QUERIES\Paul\pb23.txt --> castor.cs.pdx.edu /u/rantzau/QUERIES/Paul pb23.txt
2001.02.16 11:16 B D:\ColumbiaK_WFolder\QUERIES\Paul\pb29.txt --> castor.cs.pdx.edu /u/rantzau/QUERIES/Paul pb29.txt
2001.02.16 11:16 B D:\ColumbiaK_WFolder\QUERIES\Paul\pb28.txt --> castor.cs.pdx.edu /u/rantzau/QUERIES/Paul pb28.txt
2001.02.16 11:16 B D:\ColumbiaK_WFolder\QUERIES\Paul\pb27.txt --> castor.cs.pdx.edu /u/rantzau/QUERIES/Paul pb27.txt
2001.02.16 11:16 B D:\ColumbiaK_WFolder\QUERIES\Paul\pb30.txt --> castor.cs.pdx.edu /u/rantzau/QUERIES/Paul pb30.txt
2001.02.16 11:16 B D:\ColumbiaK_WFolder\QUERIES\Paul\pb15.txt --> castor.cs.pdx.edu /u/rantzau/QUERIES/Paul pb15.txt
2001.02.16 11:16 B D:\ColumbiaK_WFolder\QUERIES\Paul\pb14.txt --> castor.cs.pdx.edu /u/rantzau/QUERIES/Paul pb14.txt
2001.02.16 11:16 B D:\ColumbiaK_WFolder\QUERIES\Paul\pb9.txt --> castor.cs.pdx.edu /u/rantzau/QUERIES/Paul pb9.txt
2001.02.16 11:16 B D:\ColumbiaK_WFolder\QUERIES\Paul\pb8.txt --> castor.cs.pdx.edu /u/rantzau/QUERIES/Paul pb8.txt
2001.02.16 11:16 B D:\ColumbiaK_WFolder\QUERIES\Paul\pb13.txt --> castor.cs.pdx.edu /u/rantzau/QUERIES/Paul pb13.txt
2001.02.16 11:16 B D:\ColumbiaK_WFolder\QUERIES\Paul\pb12.txt --> castor.cs.pdx.edu /u/rantzau/QUERIES/Paul pb12.txt
2001.02.16 11:16 B D:\ColumbiaK_WFolder\QUERIES\Paul\pb11.txt --> castor.cs.pdx.edu /u/rantzau/QUERIES/Paul pb11.txt
2001.02.16 11:16 B D:\ColumbiaK_WFolder\QUERIES\Paul\pb10.txt --> castor.cs.pdx.edu /u/rantzau/QUERIES/Paul pb10.txt
2001.02.16 11:16 B D:\ColumbiaK_WFolder\QUERIES\Paul\pb7.txt --> castor.cs.pdx.edu /u/rantzau/QUERIES/Paul pb7.txt
2001.02.16 11:16 B D:\ColumbiaK_WFolder\QUERIES\Paul\pb6.txt --> castor.cs.pdx.edu /u/rantzau/QUERIES/Paul pb6.txt
2001.02.16 11:16 B D:\ColumbiaK_WFolder\QUERIES\Paul\pb5.txt --> castor.cs.pdx.edu /u/rantzau/QUERIES/Paul pb5.txt
2001.02.16 11:16 B D:\ColumbiaK_WFolder\QUERIES\Paul\pb4.txt --> castor.cs.pdx.edu /u/rantzau/QUERIES/Paul pb4.txt
2001.02.16 11:16 B D:\ColumbiaK_WFolder\QUERIES\Paul\pb3.txt --> castor.cs.pdx.edu /u/rantzau/QUERIES/Paul pb3.txt
2001.02.16 11:16 B D:\ColumbiaK_WFolder\QUERIES\Paul\pb2.txt --> castor.cs.pdx.edu /u/rantzau/QUERIES/Paul pb2.txt
2001.02.16 11:16 B D:\ColumbiaK_WFolder\QUERIES\Paul\Paul 1 2.txt --> castor.cs.pdx.edu /u/rantzau/QUERIES/Paul Paul 1 2.txt
2001.02.16 11:16 B D:\ColumbiaK_WFolder\QUERIES\Paul\Paul 1-20.txt --> castor.cs.pdx.edu /u/rantzau/QUERIES/Paul Paul 1-20.txt
2001.02.16 11:16 B D:\ColumbiaK_WFolder\QUERIES\Paul\Paul 3 4.txt --> castor.cs.pdx.edu /u/rantzau/QUERIES/Paul Paul 3 4.txt
2001.02.16 11:16 B D:\ColumbiaK_WFolder\QUERIES\Paul\Paul 1-10.txt --> castor.cs.pdx.edu /u/rantzau/QUERIES/Paul Paul 1-10.txt
