2000.08.27 19:29 B D:\ColumbiaK_WFolder\QUERIES\Batch\KPiggy2.txt --> cse.ogi.edu /disk/hopper/users/disc/kavitah KPiggy2.txt
2000.08.27 19:29 B D:\ColumbiaK_WFolder\QUERIES\Batch\KPiggyTest.txt --> cse.ogi.edu /disk/hopper/users/disc/kavitah KPiggyTest.txt
2000.08.28 20:12 B D:\ColumbiaK_WFolder\QUERIES\Batch\bat-chain2.txt --> cse.ogi.edu /disk/hopper/users/disc/kavitah/Exp_On_PBack bat-chain2.txt
2000.08.28 20:13 B D:\ColumbiaK_WFolder\QUERIES\Batch\KPiggy2.txt --> cse.ogi.edu /disk/hopper/users/disc/kavitah/Exp_On_PBack KPiggy2.txt
2000.08.28 20:47 B D:\ColumbiaK_WFolder\QUERIES\Batch\bat-chain5.txt --> cse.ogi.edu /disk/hopper/users/disc/kavitah/Exp_On_PBack bat-chain5.txt
2000.08.28 20:47 B D:\ColumbiaK_WFolder\QUERIES\Batch\KPiggy5.txt --> cse.ogi.edu /disk/hopper/users/disc/kavitah/Exp_On_PBack KPiggy5.txt
2001.02.16 11:16 B D:\ColumbiaK_WFolder\QUERIES\Batch\Kbat-chain3-10.txt --> castor.cs.pdx.edu /u/rantzau/QUERIES/Batch Kbat-chain3-10.txt
2001.02.16 11:16 B D:\ColumbiaK_WFolder\QUERIES\Batch\Kbat-chain3-12.txt --> castor.cs.pdx.edu /u/rantzau/QUERIES/Batch Kbat-chain3-12.txt
2001.02.16 11:16 B D:\ColumbiaK_WFolder\QUERIES\Batch\WS_FTP.LOG --> castor.cs.pdx.edu /u/rantzau/QUERIES/Batch WS_FTP.LOG
2001.02.16 11:16 B D:\ColumbiaK_WFolder\QUERIES\Batch\tempquery --> castor.cs.pdx.edu /u/rantzau/QUERIES/Batch tempquery
2001.02.16 11:16 B D:\ColumbiaK_WFolder\QUERIES\Batch\bat-chain10.txt --> castor.cs.pdx.edu /u/rantzau/QUERIES/Batch bat-chain10.txt
2001.02.16 11:16 B D:\ColumbiaK_WFolder\QUERIES\Batch\tenWCyc3_fullquad.txt --> castor.cs.pdx.edu /u/rantzau/QUERIES/Batch tenWCyc3_fullquad.txt
2001.02.16 11:16 B D:\ColumbiaK_WFolder\QUERIES\Batch\tempquery.txt --> castor.cs.pdx.edu /u/rantzau/QUERIES/Batch tempquery.txt
2001.02.16 11:16 B D:\ColumbiaK_WFolder\QUERIES\Batch\bat-chain2.txt --> castor.cs.pdx.edu /u/rantzau/QUERIES/Batch bat-chain2.txt
2001.02.16 11:16 B D:\ColumbiaK_WFolder\QUERIES\Batch\bat-test.txt --> castor.cs.pdx.edu /u/rantzau/QUERIES/Batch bat-test.txt
2001.02.16 11:16 B D:\ColumbiaK_WFolder\QUERIES\Batch\bat-star10.txt --> castor.cs.pdx.edu /u/rantzau/QUERIES/Batch bat-star10.txt
2001.02.16 11:16 B D:\ColumbiaK_WFolder\QUERIES\Batch\bat-chain5.txt --> castor.cs.pdx.edu /u/rantzau/QUERIES/Batch bat-chain5.txt
2001.02.16 11:16 B D:\ColumbiaK_WFolder\QUERIES\Batch\bat-chain12.txt --> castor.cs.pdx.edu /u/rantzau/QUERIES/Batch bat-chain12.txt
2001.02.16 11:16 B D:\ColumbiaK_WFolder\QUERIES\Batch\bat-TPC7.txt --> castor.cs.pdx.edu /u/rantzau/QUERIES/Batch bat-TPC7.txt
2001.02.16 11:16 B D:\ColumbiaK_WFolder\QUERIES\Batch\bat-star7.txt --> castor.cs.pdx.edu /u/rantzau/QUERIES/Batch bat-star7.txt
2001.02.16 11:16 B D:\ColumbiaK_WFolder\QUERIES\Batch\bat-chain8.txt --> castor.cs.pdx.edu /u/rantzau/QUERIES/Batch bat-chain8.txt
2001.02.16 11:16 B D:\ColumbiaK_WFolder\QUERIES\Batch\bat-chain17.txt --> castor.cs.pdx.edu /u/rantzau/QUERIES/Batch bat-chain17.txt
2001.02.16 11:16 B D:\ColumbiaK_WFolder\QUERIES\Batch\bat-TPC17.txt --> castor.cs.pdx.edu /u/rantzau/QUERIES/Batch bat-TPC17.txt
