2001.02.16 11:17 B D:\ColumbiaK_WFolder\QUERIES\TPC-D\temp.txt --> castor.cs.pdx.edu /u/rantzau/QUERIES/TPC-D temp.txt
2001.02.16 11:17 B D:\ColumbiaK_WFolder\QUERIES\TPC-D\q1 --> castor.cs.pdx.edu /u/rantzau/QUERIES/TPC-D q1
2001.02.16 11:17 B D:\ColumbiaK_WFolder\QUERIES\TPC-D\q8 --> castor.cs.pdx.edu /u/rantzau/QUERIES/TPC-D q8
2001.02.16 11:17 B D:\ColumbiaK_WFolder\QUERIES\TPC-D\q10.sht --> castor.cs.pdx.edu /u/rantzau/QUERIES/TPC-D q10.sht
2001.02.16 11:17 B D:\ColumbiaK_WFolder\QUERIES\TPC-D\q17 --> castor.cs.pdx.edu /u/rantzau/QUERIES/TPC-D q17
2001.02.16 11:17 B D:\ColumbiaK_WFolder\QUERIES\TPC-D\q7 --> castor.cs.pdx.edu /u/rantzau/QUERIES/TPC-D q7
2001.02.16 11:17 B D:\ColumbiaK_WFolder\QUERIES\TPC-D\q2 --> castor.cs.pdx.edu /u/rantzau/QUERIES/TPC-D q2
2001.02.16 11:17 B D:\ColumbiaK_WFolder\QUERIES\TPC-D\q2.junk.txt --> castor.cs.pdx.edu /u/rantzau/QUERIES/TPC-D q2.junk.txt
2001.02.16 11:17 B D:\ColumbiaK_WFolder\QUERIES\TPC-D\q1.junk.txt --> castor.cs.pdx.edu /u/rantzau/QUERIES/TPC-D q1.junk.txt
2001.02.16 11:17 B D:\ColumbiaK_WFolder\QUERIES\TPC-D\q15 --> castor.cs.pdx.edu /u/rantzau/QUERIES/TPC-D q15
2001.02.16 11:17 B D:\ColumbiaK_WFolder\QUERIES\TPC-D\q16 --> castor.cs.pdx.edu /u/rantzau/QUERIES/TPC-D q16
2001.02.16 11:17 B D:\ColumbiaK_WFolder\QUERIES\TPC-D\q12 --> castor.cs.pdx.edu /u/rantzau/QUERIES/TPC-D q12
2001.02.16 11:17 B D:\ColumbiaK_WFolder\QUERIES\TPC-D\q9 --> castor.cs.pdx.edu /u/rantzau/QUERIES/TPC-D q9
2001.02.16 11:17 B D:\ColumbiaK_WFolder\QUERIES\TPC-D\q6 --> castor.cs.pdx.edu /u/rantzau/QUERIES/TPC-D q6
2001.02.16 11:17 B D:\ColumbiaK_WFolder\QUERIES\TPC-D\q14 --> castor.cs.pdx.edu /u/rantzau/QUERIES/TPC-D q14
2001.02.16 11:17 B D:\ColumbiaK_WFolder\QUERIES\TPC-D\q11 --> castor.cs.pdx.edu /u/rantzau/QUERIES/TPC-D q11
2001.02.16 11:17 B D:\ColumbiaK_WFolder\QUERIES\TPC-D\q5 --> castor.cs.pdx.edu /u/rantzau/QUERIES/TPC-D q5
2001.02.16 11:17 B D:\ColumbiaK_WFolder\QUERIES\TPC-D\q4 --> castor.cs.pdx.edu /u/rantzau/QUERIES/TPC-D q4
2001.02.16 11:17 B D:\ColumbiaK_WFolder\QUERIES\TPC-D\q3 --> castor.cs.pdx.edu /u/rantzau/QUERIES/TPC-D q3
2001.02.16 11:17 B D:\ColumbiaK_WFolder\QUERIES\TPC-D\q13 --> castor.cs.pdx.edu /u/rantzau/QUERIES/TPC-D q13
2001.02.16 11:17 B D:\ColumbiaK_WFolder\QUERIES\TPC-D\q10 --> castor.cs.pdx.edu /u/rantzau/QUERIES/TPC-D q10
2001.02.16 11:17 B D:\ColumbiaK_WFolder\QUERIES\TPC-D\QUERY.D --> castor.cs.pdx.edu /u/rantzau/QUERIES/TPC-D QUERY.D
